# JRE version: Java(TM) SE Runtime Environment (8.0_144-b01) (build 1.8.0_144-b01)
# Java VM: Java HotSpot(TM) 64-Bit Server VM (25.144-b01 mixed mode bsd-amd64 compressed oops)
Heap:
 PSYoungGen      total 71680K, used 36185K [0x000000076ab00000, 0x000000076ff00000, 0x00000007c0000000)
  eden space 58368K, 58% used [0x000000076ab00000,0x000000076cc6e628,0x000000076e400000)
  from space 13312K, 14% used [0x000000076f200000,0x000000076f3e8000,0x000000076ff00000)
  to   space 13824K, 0% used [0x000000076e400000,0x000000076e400000,0x000000076f180000)
 ParOldGen       total 175104K, used 9798K [0x00000006c0000000, 0x00000006cab00000, 0x000000076ab00000)
  object space 175104K, 5% used [0x00000006c0000000,0x00000006c0991850,0x00000006cab00000)
 Metaspace       used 18918K, capacity 20096K, committed 20224K, reserved 1067008K
  class space    used 2572K, capacity 2810K, committed 2816K, reserved 1048576K
GC Heap History (10 events):
Event: 239.935 GC heap before
{Heap before GC invocations=6 (full 0):
 PSYoungGen      total 74240K, used 74021K [0x000000076ab00000, 0x000000076fd80000, 0x00000007c0000000)
  eden space 64000K, 100% used [0x000000076ab00000,0x000000076e980000,0x000000076e980000)
  from space 10240K, 97% used [0x000000076eb00000,0x000000076f4c9488,0x000000076f500000)
  to   space 8704K, 0% used [0x000000076f500000,0x000000076f500000,0x000000076fd80000)
 ParOldGen       total 175104K, used 56K [0x00000006c0000000, 0x00000006cab00000, 0x000000076ab00000)
  object space 175104K, 0% used [0x00000006c0000000,0x00000006c000e000,0x00000006cab00000)
 Metaspace       used 18837K, capacity 19964K, committed 20224K, reserved 1067008K
  class space    used 2572K, capacity 2810K, committed 2816K, reserved 1048576K
Event: 239.953 GC heap after
Heap after GC invocations=6 (full 0):
 PSYoungGen      total 71168K, used 8698K [0x000000076ab00000, 0x000000076fd80000, 0x00000007c0000000)
  eden space 62464K, 0% used [0x000000076ab00000,0x000000076ab00000,0x000000076e800000)
  from space 8704K, 99% used [0x000000076f500000,0x000000076fd7ea18,0x000000076fd80000)
  to   space 10752K, 0% used [0x000000076e880000,0x000000076e880000,0x000000076f300000)
 ParOldGen       total 175104K, used 1559K [0x00000006c0000000, 0x00000006cab00000, 0x000000076ab00000)
  object space 175104K, 0% used [0x00000006c0000000,0x00000006c0185e80,0x00000006cab00000)
 Metaspace       used 18837K, capacity 19964K, committed 20224K, reserved 1067008K
  class space    used 2572K, capacity 2810K, committed 2816K, reserved 1048576K
}
Event: 258.284 GC heap before
{Heap before GC invocations=7 (full 0):
 PSYoungGen      total 71168K, used 71162K [0x000000076ab00000, 0x000000076fd80000, 0x00000007c0000000)
  eden space 62464K, 100% used [0x000000076ab00000,0x000000076e800000,0x000000076e800000)
  from space 8704K, 99% used [0x000000076f500000,0x000000076fd7ea18,0x000000076fd80000)
  to   space 10752K, 0% used [0x000000076e880000,0x000000076e880000,0x000000076f300000)
 ParOldGen       total 175104K, used 1559K [0x00000006c0000000, 0x00000006cab00000, 0x000000076ab00000)
  object space 175104K, 0% used [0x00000006c0000000,0x00000006c0185e80,0x00000006cab00000)
 Metaspace       used 18846K, capacity 19964K, committed 20224K, reserved 1067008K
  class space    used 2572K, capacity 2810K, committed 2816K, reserved 1048576K
Event: 258.300 GC heap after
Heap after GC invocations=7 (full 0):
 PSYoungGen      total 65536K, used 3610K [0x000000076ab00000, 0x000000076fe00000, 0x00000007c0000000)
  eden space 61440K, 0% used [0x000000076ab00000,0x000000076ab00000,0x000000076e700000)
  from space 4096K, 88% used [0x000000076e880000,0x000000076ec069b8,0x000000076ec80000)
  to   space 11776K, 0% used [0x000000076f280000,0x000000076f280000,0x000000076fe00000)
 ParOldGen       total 175104K, used 8494K [0x00000006c0000000, 0x00000006cab00000, 0x000000076ab00000)
  object space 175104K, 4% used [0x00000006c0000000,0x00000006c084b818,0x00000006cab00000)
 Metaspace       used 18846K, capacity 19964K, committed 20224K, reserved 1067008K
  class space    used 2572K, capacity 2810K, committed 2816K, reserved 1048576K
}
Event: 288.112 GC heap before
{Heap before GC invocations=8 (full 0):
 PSYoungGen      total 65536K, used 65050K [0x000000076ab00000, 0x000000076fe00000, 0x00000007c0000000)
  eden space 61440K, 100% used [0x000000076ab00000,0x000000076e700000,0x000000076e700000)
  from space 4096K, 88% used [0x000000076e880000,0x000000076ec069b8,0x000000076ec80000)
  to   space 11776K, 0% used [0x000000076f280000,0x000000076f280000,0x000000076fe00000)
 ParOldGen       total 175104K, used 8494K [0x00000006c0000000, 0x00000006cab00000, 0x000000076ab00000)
  object space 175104K, 4% used [0x00000006c0000000,0x00000006c084b818,0x00000006cab00000)
 Metaspace       used 18869K, capacity 20032K, committed 20224K, reserved 1067008K
  class space    used 2572K, capacity 2810K, committed 2816K, reserved 1048576K
Event: 288.117 GC heap after
Heap after GC invocations=8 (full 0):
 PSYoungGen      total 72192K, used 2898K [0x000000076ab00000, 0x000000076ff00000, 0x00000007c0000000)
  eden space 60416K, 0% used [0x000000076ab00000,0x000000076ab00000,0x000000076e600000)
  from space 11776K, 24% used [0x000000076f280000,0x000000076f5549b8,0x000000076fe00000)
  to   space 12800K, 0% used [0x000000076e600000,0x000000076e600000,0x000000076f280000)
 ParOldGen       total 175104K, used 8558K [0x00000006c0000000, 0x00000006cab00000, 0x000000076ab00000)
  object space 175104K, 4% used [0x00000006c0000000,0x00000006c085b828,0x00000006cab00000)
 Metaspace       used 18869K, capacity 20032K, committed 20224K, reserved 1067008K
  class space    used 2572K, capacity 2810K, committed 2816K, reserved 1048576K
}
Event: 314.325 GC heap before
{Heap before GC invocations=9 (full 0):
 PSYoungGen      total 72192K, used 63314K [0x000000076ab00000, 0x000000076ff00000, 0x00000007c0000000)
  eden space 60416K, 100% used [0x000000076ab00000,0x000000076e600000,0x000000076e600000)
  from space 11776K, 24% used [0x000000076f280000,0x000000076f5549b8,0x000000076fe00000)
  to   space 12800K, 0% used [0x000000076e600000,0x000000076e600000,0x000000076f280000)
 ParOldGen       total 175104K, used 8558K [0x00000006c0000000, 0x00000006cab00000, 0x000000076ab00000)
  object space 175104K, 4% used [0x00000006c0000000,0x00000006c085b828,0x00000006cab00000)
 Metaspace       used 18892K, capacity 20032K, committed 20224K, reserved 1067008K
  class space    used 2572K, capacity 2810K, committed 2816K, reserved 1048576K
Event: 314.331 GC heap after
Heap after GC invocations=9 (full 0):
 PSYoungGen      total 62976K, used 3216K [0x000000076ab00000, 0x000000076ff00000, 0x00000007c0000000)
  eden space 59392K, 0% used [0x000000076ab00000,0x000000076ab00000,0x000000076e500000)
  from space 3584K, 89% used [0x000000076e600000,0x000000076e924010,0x000000076e980000)
  to   space 13312K, 0% used [0x000000076f200000,0x000000076f200000,0x000000076ff00000)
 ParOldGen       total 175104K, used 9144K [0x00000006c0000000, 0x00000006cab00000, 0x000000076ab00000)
  object space 175104K, 5% used [0x00000006c0000000,0x00000006c08ee1d0,0x00000006cab00000)
 Metaspace       used 18892K, capacity 20032K, committed 20224K, reserved 1067008K
  class space    used 2572K, capacity 2810K, committed 2816K, reserved 1048576K
}
Event: 347.197 GC heap before
{Heap before GC invocations=10 (full 0):
 PSYoungGen      total 62976K, used 62608K [0x000000076ab00000, 0x000000076ff00000, 0x00000007c0000000)
  eden space 59392K, 100% used [0x000000076ab00000,0x000000076e500000,0x000000076e500000)
  from space 3584K, 89% used [0x000000076e600000,0x000000076e924010,0x000000076e980000)
  to   space 13312K, 0% used [0x000000076f200000,0x000000076f200000,0x000000076ff00000)
 ParOldGen       total 175104K, used 9144K [0x00000006c0000000, 0x00000006cab00000, 0x000000076ab00000)
  object space 175104K, 5% used [0x00000006c0000000,0x00000006c08ee1d0,0x00000006cab00000)
 Metaspace       used 18899K, capacity 20032K, committed 20224K, reserved 1067008K
  class space    used 2572K, capacity 2810K, committed 2816K, reserved 1048576K
Event: 347.201 GC heap after
Heap after GC invocations=10 (full 0):
 PSYoungGen      total 71680K, used 1952K [0x000000076ab00000, 0x000000076ff00000, 0x00000007c0000000)
  eden space 58368K, 0% used [0x000000076ab00000,0x000000076ab00000,0x000000076e400000)
  from space 13312K, 14% used [0x000000076f200000,0x000000076f3e8000,0x000000076ff00000)
  to   space 13824K, 0% used [0x000000076e400000,0x000000076e400000,0x000000076f180000)
 ParOldGen       total 175104K, used 9798K [0x00000006c0000000, 0x00000006cab00000, 0x000000076ab00000)
  object space 175104K, 5% used [0x00000006c0000000,0x00000006c0991850,0x00000006cab00000)
 Metaspace       used 18899K, capacity 20032K, committed 20224K, reserved 1067008K
  class space    used 2572K, capacity 2810K, committed 2816K, reserved 1048576K
}

